<?xml version='1.0' encoding='UTF-8'?>
<result plugin="junit@1.11">
  <suites>
    <suite>
      <file>/redhat/platforms/ci/jenkins/jobs/getCustomer_devtest/workspace/getCustomer/target/surefire-reports/TEST-BlueprintUnitTest.xml</file>
      <name>BlueprintUnitTest</name>
      <duration>4.651</duration>
      <cases>
        <case>
          <duration>4.651</duration>
          <className>BlueprintUnitTest</className>
          <testName>doTest</testName>
          <skipped>false</skipped>
          <failedSince>0</failedSince>
        </case>
      </cases>
    </suite>
  </suites>
  <duration>4.651</duration>
  <keepLongStdio>false</keepLongStdio>
</result>